d:\dev\оаип\lab2\x64\debug\vc143.pdb
d:\dev\оаип\lab2\x64\debug\vc143.idb
d:\dev\оаип\lab2\x64\debug\validate.obj
d:\dev\оаип\lab2\x64\debug\main.obj
d:\dev\оаип\lab2\x64\debug\example3.obj
d:\dev\оаип\lab2\x64\debug\example2.obj
d:\dev\оаип\lab2\x64\debug\example1.obj
d:\dev\оаип\lab2\x64\debug\lab2.ilk
d:\dev\оаип\lab2\x64\debug\lab2.exe
d:\dev\оаип\lab2\x64\debug\lab2.pdb
d:\dev\оаип\lab2\x64\debug\lab2.tlog\cl.command.1.tlog
d:\dev\оаип\lab2\x64\debug\lab2.tlog\cl.read.1.tlog
d:\dev\оаип\lab2\x64\debug\lab2.tlog\cl.write.1.tlog
d:\dev\оаип\lab2\x64\debug\lab2.tlog\link-cvtres.read.1.tlog
d:\dev\оаип\lab2\x64\debug\lab2.tlog\link-cvtres.write.1.tlog
d:\dev\оаип\lab2\x64\debug\lab2.tlog\link-rc.read.1.tlog
d:\dev\оаип\lab2\x64\debug\lab2.tlog\link-rc.write.1.tlog
d:\dev\оаип\lab2\x64\debug\lab2.tlog\link.5312-cvtres.read.1.tlog
d:\dev\оаип\lab2\x64\debug\lab2.tlog\link.5312-cvtres.write.1.tlog
d:\dev\оаип\lab2\x64\debug\lab2.tlog\link.5312-rc.read.1.tlog
d:\dev\оаип\lab2\x64\debug\lab2.tlog\link.5312-rc.write.1.tlog
d:\dev\оаип\lab2\x64\debug\lab2.tlog\link.5312.read.1.tlog
d:\dev\оаип\lab2\x64\debug\lab2.tlog\link.5312.read.2.tlog
d:\dev\оаип\lab2\x64\debug\lab2.tlog\link.5312.write.1.tlog
d:\dev\оаип\lab2\x64\debug\lab2.tlog\link.command.1.tlog
d:\dev\оаип\lab2\x64\debug\lab2.tlog\link.read.1.tlog
d:\dev\оаип\lab2\x64\debug\lab2.tlog\link.read.2.tlog
d:\dev\оаип\lab2\x64\debug\lab2.tlog\link.write.1.tlog
